Using pre-set license
Built from '2021.1/staging' branch; Version is '2021.1.23f1 (b50729e604a9) revision 11863849'; Using compiler version '192528614'; Build Type 'Release'
OS: 'Windows 10 Education; OS build 19043.1237; Version 2009; 64bit' Language: 'en' Physical Memory: 16238 MB
BatchMode: 1, IsHumanControllingUs: 0, StartBugReporterOnCrash: 0, Is64bit: 1, IsPro: 0

COMMAND LINE ARGUMENTS:
C:\Program Files\Unity\Hub\Editor\2021.1.23f1\Editor\Unity.exe
-adb2
-batchMode
-noUpm
-name
AssetImportWorker0
-projectPath
C:/Users/alvin.jangvik/DiscoFixer/DiscoFixer
-logFile
Logs/AssetImportWorker0.log
-srvPort
54889
Successfully changed project path to: C:/Users/alvin.jangvik/DiscoFixer/DiscoFixer
C:/Users/alvin.jangvik/DiscoFixer/DiscoFixer
Using Asset Import Pipeline V2.
Refreshing native plugins compatible for Editor in 90.11 ms, found 4 plugins.
Preloading 0 native plugins for Editor in 0.00 ms.
Initialize engine version: 2021.1.23f1 (b50729e604a9)
[Subsystems] Discovering subsystems at path C:/Program Files/Unity/Hub/Editor/2021.1.23f1/Editor/Data/Resources/UnitySubsystems
[Subsystems] Discovering subsystems at path C:/Users/alvin.jangvik/DiscoFixer/DiscoFixer/Assets
GfxDevice: creating device client; threaded=0; jobified=0
Direct3D:
    Version:  Direct3D 11.0 [level 11.1]
    Renderer: NVIDIA GeForce RTX 3060 (ID=0x2504)
    Vendor:   NVIDIA
    VRAM:     12143 MB
    Driver:   30.0.14.7168
Initialize mono
Mono path[0] = 'C:/Program Files/Unity/Hub/Editor/2021.1.23f1/Editor/Data/Managed'
Mono path[1] = 'C:/Program Files/Unity/Hub/Editor/2021.1.23f1/Editor/Data/MonoBleedingEdge/lib/mono/unityjit'
Mono config path = 'C:/Program Files/Unity/Hub/Editor/2021.1.23f1/Editor/Data/MonoBleedingEdge/etc'
Using monoOptions --debugger-agent=transport=dt_socket,embedding=1,server=y,suspend=n,address=127.0.0.1:56208
Begin MonoManager ReloadAssembly
Registering precompiled unity dll's ...
Register platform support module: C:/Program Files/Unity/Hub/Editor/2021.1.23f1/Editor/Data/PlaybackEngines/WindowsStandaloneSupport/UnityEditor.WindowsStandalone.Extensions.dll
Registered in 0.001234 seconds.
Native extension for WindowsStandalone target not found
Refreshing native plugins compatible for Editor in 89.71 ms, found 4 plugins.
Preloading 0 native plugins for Editor in 0.00 ms.
Mono: successfully reloaded assembly
- Completed reload, in  0.815 seconds
Domain Reload Profiling:
	ReloadAssembly (816ms)
		BeginReloadAssembly (48ms)
			ExecutionOrderSort (0ms)
			DisableScriptedObjects (0ms)
			BackupInstance (0ms)
			ReleaseScriptingObjects (0ms)
			CreateAndSetChildDomain (1ms)
		EndReloadAssembly (346ms)
			LoadAssemblies (46ms)
			RebuildTransferFunctionScriptingTraits (0ms)
			SetupTypeCache (105ms)
			ReleaseScriptCaches (0ms)
			RebuildScriptCaches (22ms)
			SetupLoadedEditorAssemblies (187ms)
				LogAssemblyErrors (0ms)
				InitializePlatformSupportModulesInManaged (4ms)
				SetLoadedEditorAssemblies (0ms)
				RefreshPlugins (90ms)
				BeforeProcessingInitializeOnLoad (1ms)
				ProcessInitializeOnLoadAttributes (70ms)
				ProcessInitializeOnLoadMethodAttributes (21ms)
				AfterProcessingInitializeOnLoad (0ms)
				EditorAssembliesLoaded (0ms)
			ExecutionOrderSort2 (0ms)
			AwakeInstancesAfterBackupRestoration (0ms)
Platform modules already initialized, skipping
Registering precompiled user dll's ...
Registered in 0.003261 seconds.
Begin MonoManager ReloadAssembly
Symbol file LoadedFromMemory doesn't match image C:\Users\alvin.jangvik\DiscoFixer\DiscoFixer\Library\PackageCache\com.unity.visualscripting@1.6.1\Editor\VisualScripting.Core\Dependencies\YamlDotNet\Unity.VisualScripting.YamlDotNet.dll
Symbol file LoadedFromMemory doesn't match image C:\Users\alvin.jangvik\DiscoFixer\DiscoFixer\Library\PackageCache\com.unity.visualscripting@1.6.1\Editor\VisualScripting.Core\Dependencies\DotNetZip\Unity.VisualScripting.IonicZip.dll
Native extension for WindowsStandalone target not found
Refreshing native plugins compatible for Editor in 91.79 ms, found 4 plugins.
Preloading 0 native plugins for Editor in 0.00 ms.
Mono: successfully reloaded assembly
- Completed reload, in  0.954 seconds
Domain Reload Profiling:
	ReloadAssembly (954ms)
		BeginReloadAssembly (107ms)
			ExecutionOrderSort (0ms)
			DisableScriptedObjects (3ms)
			BackupInstance (0ms)
			ReleaseScriptingObjects (0ms)
			CreateAndSetChildDomain (15ms)
		EndReloadAssembly (804ms)
			LoadAssemblies (75ms)
			RebuildTransferFunctionScriptingTraits (0ms)
			SetupTypeCache (263ms)
			ReleaseScriptCaches (1ms)
			RebuildScriptCaches (43ms)
			SetupLoadedEditorAssemblies (364ms)
				LogAssemblyErrors (0ms)
				InitializePlatformSupportModulesInManaged (3ms)
				SetLoadedEditorAssemblies (0ms)
				RefreshPlugins (92ms)
				BeforeProcessingInitializeOnLoad (79ms)
				ProcessInitializeOnLoadAttributes (174ms)
				ProcessInitializeOnLoadMethodAttributes (12ms)
				AfterProcessingInitializeOnLoad (4ms)
				EditorAssembliesLoaded (0ms)
			ExecutionOrderSort2 (0ms)
			AwakeInstancesAfterBackupRestoration (5ms)
Platform modules already initialized, skipping
========================================================================
Worker process is ready to serve import requests
Launched and connected shader compiler UnityShaderCompiler.exe after 0.04 seconds
Refreshing native plugins compatible for Editor in 0.68 ms, found 4 plugins.
Preloading 0 native plugins for Editor in 0.00 ms.
Unloading 4784 Unused Serialized files (Serialized files now loaded: 0)
System memory in use before: 179.0 MB.
System memory in use after: 179.2 MB.

Unloading 30 unused Assets to reduce memory usage. Loaded Objects now: 5235.
Total: 2.798700 ms (FindLiveObjects: 0.274500 ms CreateObjectMapping: 0.149000 ms MarkObjects: 2.306600 ms  DeleteObjects: 0.067600 ms)

AssetImportParameters requested are different than current active one (requested -> active):
  custom:framework-win-MediaFoundation: 216162199b28c13a410421893ffa2e32 -> 
  custom:video-decoder-ogg-theora: a1e56fd34408186e4bbccfd4996cb3dc -> 
  custom:container-muxer-webm: aa71ff27fc2769a1b78a27578f13a17b -> 
  custom:container-demuxer-webm: 4f35f7cbe854078d1ac9338744f61a02 -> 
  custom:container-demuxer-ogg: 62fdf1f143b41e24485cea50d1cbac27 -> 
  custom:video-encoder-webm-vp8: eb34c28f22e8b96e1ab97ce403110664 -> 
  custom:video-decoder-webm-vp8: 9c59270c3fd7afecdb556c50c9e8de78 -> 
  custom:audio-decoder-ogg-vorbis: bf7c407c2cedff20999df2af8eb42d56 -> 
  custom:audio-encoder-webm-vorbis: bf7c407c2cedff20999df2af8eb42d56 -> 
========================================================================
Received Import Request.
  path: Assets
  artifactKey: Guid(00000000000000001000000000000000) Importer(815301076,1909f56bfc062723c751e8b465ee728b)
Start importing Assets using Guid(00000000000000001000000000000000) Importer(815301076,1909f56bfc062723c751e8b465ee728b)  -> (artifact id: '68a4034d3d715da871e781da702f0bc5') in 0.009872 seconds 
========================================================================
Received Import Request.
  Time since last request: 6.691855 seconds.
  path: Assets/RenderPipeline
  artifactKey: Guid(d012d532ca2e9854ab338dbfdf20ae1b) Importer(815301076,1909f56bfc062723c751e8b465ee728b)
Start importing Assets/RenderPipeline using Guid(d012d532ca2e9854ab338dbfdf20ae1b) Importer(815301076,1909f56bfc062723c751e8b465ee728b)  -> (artifact id: 'ef3470b7676171a752307795d669c736') in 0.006179 seconds 
========================================================================
Received Import Request.
  Time since last request: 33.735182 seconds.
  path: Assets/RenderPipeline/UniversalRenderPipelineAsset.asset
  artifactKey: Guid(0e15c570ecf70084d860beb21fa59cdb) Importer(815301076,1909f56bfc062723c751e8b465ee728b)
Start importing Assets/RenderPipeline/UniversalRenderPipelineAsset.asset using Guid(0e15c570ecf70084d860beb21fa59cdb) Importer(815301076,1909f56bfc062723c751e8b465ee728b)  -> (artifact id: 'c55cee1fe0d5b9f89d842fe54f23e40f') in 0.025680 seconds 
========================================================================
Received Import Request.
  Time since last request: 2.364244 seconds.
  path: Assets/RenderPipeline/UniversalRenderPipelineAsset_Renderer.asset
  artifactKey: Guid(6747b0cb30957604e93ac59ceed3c557) Importer(815301076,1909f56bfc062723c751e8b465ee728b)
Start importing Assets/RenderPipeline/UniversalRenderPipelineAsset_Renderer.asset using Guid(6747b0cb30957604e93ac59ceed3c557) Importer(815301076,1909f56bfc062723c751e8b465ee728b)  -> (artifact id: 'afe504eca550b638f1917153d1725417') in 0.005709 seconds 
========================================================================
Received Import Request.
  Time since last request: 39.779016 seconds.
  path: Assets/RenderPipeline/2D Renderer Data.asset
  artifactKey: Guid(869f59d3165ef334bba3a6d43dbfc1d4) Importer(815301076,1909f56bfc062723c751e8b465ee728b)
Start importing Assets/RenderPipeline/2D Renderer Data.asset using Guid(869f59d3165ef334bba3a6d43dbfc1d4) Importer(815301076,1909f56bfc062723c751e8b465ee728b)  -> (artifact id: '694b6a2ef9361aed38ae85a2a3a6ff14') in 0.020794 seconds 
========================================================================
Received Prepare
Switching render pipeline 00000000000000000000000000000000 -> 0e15c570ecf70084d860beb21fa59cdb
Refreshing native plugins compatible for Editor in 3.74 ms, found 4 plugins.
Preloading 0 native plugins for Editor in 0.00 ms.
Unloading 17 Unused Serialized files (Serialized files now loaded: 0)
System memory in use before: 79.9 MB.
System memory in use after: 80.2 MB.

Unloading 16 unused Assets to reduce memory usage. Loaded Objects now: 5236.
Total: 2.812200 ms (FindLiveObjects: 0.237700 ms CreateObjectMapping: 0.137200 ms MarkObjects: 2.418700 ms  DeleteObjects: 0.018000 ms)

Default Renderer is missing, make sure there is a Renderer assigned as the default on the current Universal RP asset:UniversalRenderPipelineAsset
UnityEngine.StackTraceUtility:ExtractStackTrace ()
UnityEngine.DebugLogHandler:LogFormat (UnityEngine.LogType,UnityEngine.Object,string,object[])
UnityEngine.Logger:Log (UnityEngine.LogType,object,UnityEngine.Object)
UnityEngine.Debug:LogError (object,UnityEngine.Object)
UnityEngine.Rendering.Universal.UniversalRenderPipelineAsset:CreatePipeline () (at Library/PackageCache/com.unity.render-pipelines.universal@11.0.0/Runtime/Data/UniversalRenderPipelineAsset.cs:311)
UnityEngine.Rendering.Universal.UniversalRenderPipelineAsset:get_scriptableRendererData () (at Library/PackageCache/com.unity.render-pipelines.universal@11.0.0/Runtime/Data/UniversalRenderPipelineAsset.cs:462)
UnityEngine.Rendering.Universal.UniversalRenderPipelineAsset:get_defaultShader () (at Library/PackageCache/com.unity.render-pipelines.universal@11.0.0/Runtime/Data/UniversalRenderPipelineAsset.cs:808)

(Filename: Library/PackageCache/com.unity.render-pipelines.universal@11.0.0/Runtime/Data/UniversalRenderPipelineAsset.cs Line: 311)

AssetImportParameters requested are different than current active one (requested -> active):
  custom:framework-win-MediaFoundation: 216162199b28c13a410421893ffa2e32 -> 
  custom:video-decoder-ogg-theora: a1e56fd34408186e4bbccfd4996cb3dc -> 
  custom:container-muxer-webm: aa71ff27fc2769a1b78a27578f13a17b -> 
  custom:container-demuxer-webm: 4f35f7cbe854078d1ac9338744f61a02 -> 
  custom:container-demuxer-ogg: 62fdf1f143b41e24485cea50d1cbac27 -> 
  custom:srp/default-shader: 0000e00a000e0de00000e000e02d0000 -> 0000e00a000e0de00000e000e0000000
  custom:video-encoder-webm-vp8: eb34c28f22e8b96e1ab97ce403110664 -> 
  custom:video-decoder-webm-vp8: 9c59270c3fd7afecdb556c50c9e8de78 -> 
  custom:audio-decoder-ogg-vorbis: bf7c407c2cedff20999df2af8eb42d56 -> 
  custom:audio-encoder-webm-vorbis: bf7c407c2cedff20999df2af8eb42d56 -> 
========================================================================
Received Import Request.
  Time since last request: 94.867849 seconds.
  path: Assets/Scenes 1
  artifactKey: Guid(bcb3b2fd107410a49a2e5f0b4b793856) Importer(815301076,1909f56bfc062723c751e8b465ee728b)
Start importing Assets/Scenes 1 using Guid(bcb3b2fd107410a49a2e5f0b4b793856) Importer(815301076,1909f56bfc062723c751e8b465ee728b)  -> (artifact id: '3b9754eb2c010624366e67bd4b755321') in 0.005842 seconds 
========================================================================
Received Import Request.
  Time since last request: 21.925657 seconds.
  path: Assets/Scripts
  artifactKey: Guid(bcb3b2fd107410a49a2e5f0b4b793856) Importer(815301076,1909f56bfc062723c751e8b465ee728b)
Start importing Assets/Scripts using Guid(bcb3b2fd107410a49a2e5f0b4b793856) Importer(815301076,1909f56bfc062723c751e8b465ee728b)  -> (artifact id: '287c5d21fe56a2f06b1a205aa004745b') in 0.005049 seconds 
========================================================================
Received Import Request.
  Time since last request: 8.263531 seconds.
  path: Assets/Graphics
  artifactKey: Guid(16b564c676a20b849819aa7b7cc01a03) Importer(815301076,1909f56bfc062723c751e8b465ee728b)
Start importing Assets/Graphics using Guid(16b564c676a20b849819aa7b7cc01a03) Importer(815301076,1909f56bfc062723c751e8b465ee728b)  -> (artifact id: '5131ede3ac75101bb47bb78408292253') in 0.006501 seconds 
========================================================================
Received Import Request.
  Time since last request: 7.297467 seconds.
  path: Assets/Prefabs
  artifactKey: Guid(ca95254ad704d4446be812be8ec02c9c) Importer(815301076,1909f56bfc062723c751e8b465ee728b)
Start importing Assets/Prefabs using Guid(ca95254ad704d4446be812be8ec02c9c) Importer(815301076,1909f56bfc062723c751e8b465ee728b)  -> (artifact id: 'c7a5eaa93cb08c4984e9cc86b968dcc2') in 0.005151 seconds 
========================================================================
Received Import Request.
  Time since last request: 34.132917 seconds.
  path: Assets/Scenes
  artifactKey: Guid(131a6b21c8605f84396be9f6751fb6e3) Importer(815301076,1909f56bfc062723c751e8b465ee728b)
Start importing Assets/Scenes using Guid(131a6b21c8605f84396be9f6751fb6e3) Importer(815301076,1909f56bfc062723c751e8b465ee728b)  -> (artifact id: 'df75b7d1a31c5b4f73fd45661b403b04') in 0.005720 seconds 
========================================================================
Received Import Request.
  Time since last request: 37.528716 seconds.
  path: Assets/Scenes/TestScenes
  artifactKey: Guid(069af64751149804cbd56261db877f80) Importer(815301076,1909f56bfc062723c751e8b465ee728b)
Start importing Assets/Scenes/TestScenes using Guid(069af64751149804cbd56261db877f80) Importer(815301076,1909f56bfc062723c751e8b465ee728b)  -> (artifact id: '44d0bab4986a7d0a4231058dc309d6b5') in 0.005639 seconds 
========================================================================
Received Import Request.
  Time since last request: 1.558498 seconds.
  path: Assets/Scenes/Official scenes
  artifactKey: Guid(ae255850b89668e428fc808f6ec7ec5e) Importer(815301076,1909f56bfc062723c751e8b465ee728b)
Start importing Assets/Scenes/Official scenes using Guid(ae255850b89668e428fc808f6ec7ec5e) Importer(815301076,1909f56bfc062723c751e8b465ee728b)  -> (artifact id: '1f658ff722c69352399e1a1f8e872350') in 0.005269 seconds 
========================================================================
Received Import Request.
  Time since last request: 6.093125 seconds.
  path: Assets/Scenes/OfficialScenes
  artifactKey: Guid(ae255850b89668e428fc808f6ec7ec5e) Importer(815301076,1909f56bfc062723c751e8b465ee728b)
Start importing Assets/Scenes/OfficialScenes using Guid(ae255850b89668e428fc808f6ec7ec5e) Importer(815301076,1909f56bfc062723c751e8b465ee728b)  -> (artifact id: '41b49506e6f0a62c62064f03302bffc2') in 0.005125 seconds 
AssetImportWorkerClient::OnTransportError - code=2 error=End of file
